<?xml version="1.0" encoding="UTF-8"?>
<testsuite xmlns:xsi="http://www.w3.org/2001/XMLSchema-instance" xsi:noNamespaceSchemaLocation="https://maven.apache.org/surefire/maven-surefire-plugin/xsd/surefire-test-report-3.0.xsd" version="3.0" name="TestSuite" time="42.001" tests="5" errors="0" skipped="0" failures="0">
  <properties>
[...]
</properties>
  <testcase name="runScenario[&quot;Validate navigating to the forgotten password page&quot;, &quot;Login Functionality of OpenCart Web Application&quot;](1)" classname="cogni.genc.bdd.runners.OpenCartTest" time="23.204">
    <system-out><![CDATA[...
... TestNG 7.4.0 by Cédric Beust (cedric@beust.com)
...


Scenario Outline: Unsuccessful login with invalid or empty credentials                                  # src/test/resources/cogni/genc/bdd/features/Login.feature:24

Scenario: Validate navigating to the forgotten password page # src/test/resources/cogni/genc/bdd/features/Login.feature:28

Scenario Outline: Unsuccessful login with invalid or empty credentials                                  # src/test/resources/cogni/genc/bdd/features/Login.feature:25

@smoke
Scenario: Validate successful login with valid credentials # src/test/resources/cogni/genc/bdd/features/Login.feature:11

Scenario Outline: Unsuccessful login with invalid or empty credentials                                  # src/test/resources/cogni/genc/bdd/features/Login.feature:26
  Given I am on the OpenCart login page                                                                 # com.cogni.bdd.stepDefinition.LoginPageSteps.i_am_on_the_open_cart_login_page()
  Given I am on the OpenCart login page                      # com.cogni.bdd.stepDefinition.LoginPageSteps.i_am_on_the_open_cart_login_page()
  When I click on the "Forgotten Password" link              # com.cogni.bdd.stepDefinition.LoginPageSteps.i_click_on_the_link(java.lang.String)
  Then I should be redirected to the password reset page     # com.cogni.bdd.stepDefinition.LoginPageSteps.i_should_be_redirected_to_the_password_reset_page()
  Given I am on the OpenCart login page                                                                 # com.cogni.bdd.stepDefinition.LoginPageSteps.i_am_on_the_open_cart_login_page()
  Given I am on the OpenCart login page                                                                 # com.cogni.bdd.stepDefinition.LoginPageSteps.i_am_on_the_open_cart_login_page()
  Given I am on the OpenCart login page                    # com.cogni.bdd.stepDefinition.LoginPageSteps.i_am_on_the_open_cart_login_page()
]]></system-out>
  </testcase>
  <testcase name="runScenario[&quot;Unsuccessful login with invalid or empty credentials&quot;, &quot;Login Functionality of OpenCart Web Application&quot;](2)" classname="cogni.genc.bdd.runners.OpenCartTest" time="36.636">
    <system-out><![CDATA[  Given I have entered invalid "invalid@gmail.com" and "invalidPassword"                                # com.cogni.bdd.stepDefinition.LoginPageSteps.i_have_entered_invalid_and(java.lang.String,java.lang.String)
  Given I have entered invalid "valid@gmail.com" and "abcde"                                            # com.cogni.bdd.stepDefinition.LoginPageSteps.i_have_entered_invalid_and(java.lang.String,java.lang.String)
  When I click on the login button                                                                      # com.cogni.bdd.stepDefinition.LoginPageSteps.i_click_on_the_login_button()
  Then I should see an error message indicating "Warning: No match for E-Mail Address and/or Password." # com.cogni.bdd.stepDefinition.LoginPageSteps.i_should_see_an_error_message_indicating(java.lang.String)
  Given I have entered invalid "abcc@mail,com" and "validPassword"                                      # com.cogni.bdd.stepDefinition.LoginPageSteps.i_have_entered_invalid_and(java.lang.String,java.lang.String)
  When I click on the login button                                                                      # com.cogni.bdd.stepDefinition.LoginPageSteps.i_click_on_the_login_button()
  Then I should see an error message indicating "Warning: No match for E-Mail Address and/or Password." # com.cogni.bdd.stepDefinition.LoginPageSteps.i_should_see_an_error_message_indicating(java.lang.String)
  When I click on the login button                                                                      # com.cogni.bdd.stepDefinition.LoginPageSteps.i_click_on_the_login_button()
  Then I should see an error message indicating "Warning: No match for E-Mail Address and/or Password." # com.cogni.bdd.stepDefinition.LoginPageSteps.i_should_see_an_error_message_indicating(java.lang.String)
  Given I have entered a vald username and password        # com.cogni.bdd.stepDefinition.LoginPageSteps.i_have_entered_a_vald_username_and_password()
]]></system-out>
  </testcase>
  <testcase name="runScenario[&quot;Unsuccessful login with invalid or empty credentials&quot;, &quot;Login Functionality of OpenCart Web Application&quot;](3)" classname="cogni.genc.bdd.runners.OpenCartTest" time="36.648"/>
  <testcase name="runScenario[&quot;Validate successful login with valid credentials&quot;, &quot;Login Functionality of OpenCart Web Application&quot;](4)" classname="cogni.genc.bdd.runners.OpenCartTest" time="38.844">
    <system-out><![CDATA[  When I click on login button                             # com.cogni.bdd.stepDefinition.LoginPageSteps.i_click_on_login_button()
  Then I should be logged in successfully                  # com.cogni.bdd.stepDefinition.LoginPageSteps.i_should_be_logged_in_successfully()
]]></system-out>
  </testcase>
  <testcase name="runScenario[&quot;Unsuccessful login with invalid or empty credentials&quot;, &quot;Login Functionality of OpenCart Web Application&quot;](5)" classname="cogni.genc.bdd.runners.OpenCartTest" time="38.899"/>
</testsuite>