<?xml version="1.0" encoding="UTF-8"?>
<testng-results ignored="0" total="0" passed="0" failed="0" skipped="0">
  <reporter-output>
  </reporter-output>
  <suite started-at="2024-02-19T10:00:28 IST" name="OpenCart Parallel Suite" finished-at="2024-02-19T10:00:28 IST" duration-ms="122">
    <groups>
      <group name="cucumber">
        <method signature="AbstractTestNGCucumberTests.runScenario(io.cucumber.testng.PickleWrapper,io.cucumber.testng.FeatureWrapper)[pri:0, instance:cogni.genc.bdd.runners.RegisterTest@31d7b7bf]" name="runScenario" class="io.cucumber.testng.AbstractTestNGCucumberTests"/>
      </group> <!-- cucumber -->
    </groups>
    <test started-at="2024-02-19T10:00:28 IST" name="Resister Page Test" finished-at="2024-02-19T10:00:28 IST" duration-ms="122">
      <class name="cogni.genc.bdd.runners.RegisterTest">
        <test-method is-config="true" signature="setUpClass(org.testng.ITestContext)[pri:0, instance:cogni.genc.bdd.runners.RegisterTest@31d7b7bf]" started-at="2024-02-19T10:00:28 IST" name="setUpClass" finished-at="2024-02-19T10:00:28 IST" duration-ms="104" status="PASS">
          <params>
            <param index="0">
              <value>
                <![CDATA[org.testng.TestRunner@38d8f54a]]>
              </value>
            </param>
          </params>
          <reporter-output>
          </reporter-output>
        </test-method> <!-- setUpClass -->
        <test-method is-config="true" signature="tearDownClass()[pri:0, instance:cogni.genc.bdd.runners.RegisterTest@31d7b7bf]" started-at="2024-02-19T10:00:28 IST" name="tearDownClass" finished-at="2024-02-19T10:00:28 IST" duration-ms="1" status="PASS">
          <reporter-output>
          </reporter-output>
        </test-method> <!-- tearDownClass -->
      </class> <!-- cogni.genc.bdd.runners.RegisterTest -->
    </test> <!-- Resister Page Test -->
  </suite> <!-- OpenCart Parallel Suite -->
</testng-results>
