<?xml version="1.0" encoding="UTF-8"?>
<testng-results ignored="0" total="5" passed="5" failed="0" skipped="0">
  <reporter-output>
  </reporter-output>
  <suite started-at="2024-02-11T18:41:20 IST" name="OpenCart Parallel Suite" finished-at="2024-02-11T18:42:01 IST" duration-ms="41243">
    <groups>
      <group name="cucumber">
        <method signature="AbstractTestNGCucumberTests.runScenario(io.cucumber.testng.PickleWrapper,io.cucumber.testng.FeatureWrapper)[pri:0, instance:cogni.genc.bdd.runners.OpenCartTest@63021689]" name="runScenario" class="io.cucumber.testng.AbstractTestNGCucumberTests"/>
      </group> <!-- cucumber -->
    </groups>
    <test started-at="2024-02-11T18:41:20 IST" name="Login Page Test" finished-at="2024-02-11T18:42:01 IST" duration-ms="41243">
      <class name="cogni.genc.bdd.runners.OpenCartTest">
        <test-method is-config="true" signature="setUpClass(org.testng.ITestContext)[pri:0, instance:cogni.genc.bdd.runners.OpenCartTest@63021689]" started-at="2024-02-11T18:41:20 IST" name="setUpClass" finished-at="2024-02-11T18:41:21 IST" duration-ms="739" status="PASS">
          <params>
            <param index="0">
              <value>
                <![CDATA[org.testng.TestRunner@368f2016]]>
              </value>
            </param>
          </params>
          <reporter-output>
          </reporter-output>
        </test-method> <!-- setUpClass -->
        <test-method signature="runScenario(io.cucumber.testng.PickleWrapper,io.cucumber.testng.FeatureWrapper)[pri:0, instance:cogni.genc.bdd.runners.OpenCartTest@63021689]" started-at="2024-02-11T18:41:21 IST" name="runScenario" description="Runs Cucumber Scenarios" data-provider="scenarios" finished-at="2024-02-11T18:41:57 IST" duration-ms="36640" status="PASS">
          <params>
            <param index="0">
              <value>
                <![CDATA["Unsuccessful login with invalid or empty credentials"]]>
              </value>
            </param>
            <param index="1">
              <value>
                <![CDATA["Login Functionality of OpenCart Web Application"]]>
              </value>
            </param>
          </params>
          <reporter-output>
          </reporter-output>
        </test-method> <!-- runScenario -->
        <test-method signature="runScenario(io.cucumber.testng.PickleWrapper,io.cucumber.testng.FeatureWrapper)[pri:0, instance:cogni.genc.bdd.runners.OpenCartTest@63021689]" started-at="2024-02-11T18:41:21 IST" name="runScenario" description="Runs Cucumber Scenarios" data-provider="scenarios" finished-at="2024-02-11T18:41:59 IST" duration-ms="38849" status="PASS">
          <params>
            <param index="0">
              <value>
                <![CDATA["Validate successful login with valid credentials"]]>
              </value>
            </param>
            <param index="1">
              <value>
                <![CDATA["Login Functionality of OpenCart Web Application"]]>
              </value>
            </param>
          </params>
          <reporter-output>
          </reporter-output>
        </test-method> <!-- runScenario -->
        <test-method signature="runScenario(io.cucumber.testng.PickleWrapper,io.cucumber.testng.FeatureWrapper)[pri:0, instance:cogni.genc.bdd.runners.OpenCartTest@63021689]" started-at="2024-02-11T18:41:21 IST" name="runScenario" description="Runs Cucumber Scenarios" data-provider="scenarios" finished-at="2024-02-11T18:41:57 IST" duration-ms="36652" status="PASS">
          <params>
            <param index="0">
              <value>
                <![CDATA["Unsuccessful login with invalid or empty credentials"]]>
              </value>
            </param>
            <param index="1">
              <value>
                <![CDATA["Login Functionality of OpenCart Web Application"]]>
              </value>
            </param>
          </params>
          <reporter-output>
          </reporter-output>
        </test-method> <!-- runScenario -->
        <test-method signature="runScenario(io.cucumber.testng.PickleWrapper,io.cucumber.testng.FeatureWrapper)[pri:0, instance:cogni.genc.bdd.runners.OpenCartTest@63021689]" started-at="2024-02-11T18:41:21 IST" name="runScenario" description="Runs Cucumber Scenarios" data-provider="scenarios" finished-at="2024-02-11T18:41:44 IST" duration-ms="23202" status="PASS">
          <params>
            <param index="0">
              <value>
                <![CDATA["Validate navigating to the forgotten password page"]]>
              </value>
            </param>
            <param index="1">
              <value>
                <![CDATA["Login Functionality of OpenCart Web Application"]]>
              </value>
            </param>
          </params>
          <reporter-output>
          </reporter-output>
        </test-method> <!-- runScenario -->
        <test-method signature="runScenario(io.cucumber.testng.PickleWrapper,io.cucumber.testng.FeatureWrapper)[pri:0, instance:cogni.genc.bdd.runners.OpenCartTest@63021689]" started-at="2024-02-11T18:41:21 IST" name="runScenario" description="Runs Cucumber Scenarios" data-provider="scenarios" finished-at="2024-02-11T18:41:59 IST" duration-ms="38901" status="PASS">
          <params>
            <param index="0">
              <value>
                <![CDATA["Unsuccessful login with invalid or empty credentials"]]>
              </value>
            </param>
            <param index="1">
              <value>
                <![CDATA["Login Functionality of OpenCart Web Application"]]>
              </value>
            </param>
          </params>
          <reporter-output>
          </reporter-output>
        </test-method> <!-- runScenario -->
        <test-method is-config="true" signature="tearDownClass()[pri:0, instance:cogni.genc.bdd.runners.OpenCartTest@63021689]" started-at="2024-02-11T18:41:59 IST" name="tearDownClass" finished-at="2024-02-11T18:42:01 IST" duration-ms="1548" status="PASS">
          <reporter-output>
          </reporter-output>
        </test-method> <!-- tearDownClass -->
      </class> <!-- cogni.genc.bdd.runners.OpenCartTest -->
    </test> <!-- Login Page Test -->
  </suite> <!-- OpenCart Parallel Suite -->
</testng-results>
