<?xml version="1.0" encoding="UTF-8"?>
<testng-results ignored="0" total="0" passed="0" failed="0" skipped="0">
  <reporter-output>
  </reporter-output>
  <suite started-at="2024-02-19T09:50:04 IST" name="Default suite" finished-at="2024-02-19T09:50:04 IST" duration-ms="164">
    <groups>
      <group name="cucumber">
        <method signature="AbstractTestNGCucumberTests.runScenario(io.cucumber.testng.PickleWrapper,io.cucumber.testng.FeatureWrapper)[pri:0, instance:cogni.genc.bdd.runners.RegisterTest@3febb011]" name="runScenario" class="io.cucumber.testng.AbstractTestNGCucumberTests"/>
      </group> <!-- cucumber -->
    </groups>
    <test started-at="2024-02-19T09:50:04 IST" name="Default test" finished-at="2024-02-19T09:50:04 IST" duration-ms="164">
      <class name="cogni.genc.bdd.runners.RegisterTest">
        <test-method is-config="true" signature="setUpClass(org.testng.ITestContext)[pri:0, instance:cogni.genc.bdd.runners.RegisterTest@3febb011]" started-at="2024-02-19T09:50:04 IST" name="setUpClass" finished-at="2024-02-19T09:50:04 IST" duration-ms="141" status="PASS">
          <params>
            <param index="0">
              <value>
                <![CDATA[org.testng.TestRunner@6a4f1a55]]>
              </value>
            </param>
          </params>
          <reporter-output>
          </reporter-output>
        </test-method> <!-- setUpClass -->
        <test-method is-config="true" signature="tearDownClass()[pri:0, instance:cogni.genc.bdd.runners.RegisterTest@3febb011]" started-at="2024-02-19T09:50:04 IST" name="tearDownClass" finished-at="2024-02-19T09:50:04 IST" duration-ms="2" status="PASS">
          <reporter-output>
          </reporter-output>
        </test-method> <!-- tearDownClass -->
      </class> <!-- cogni.genc.bdd.runners.RegisterTest -->
    </test> <!-- Default test -->
  </suite> <!-- Default suite -->
</testng-results>
